commit f72769406510c9e32a378b1a522b065cef976d65
Author: deyuanzhang <deyuanzhang@utexas.edu>
Date:   Fri Nov 10 16:11:45 2017 -0600

    More Tests 2

commit e9054e05963d24df7930527c651ea517162524f0
Author: deyuanzhang <deyuanzhang@utexas.edu>
Date:   Fri Nov 10 16:08:46 2017 -0600

    More Tests

commit 30d078da0c3101f91e3254bcad93c9ed09d55ed4
Merge: d10d57d 6e89d13
Author: freewilly95 <williamnguyen195@gmail.com>
Date:   Fri Nov 10 15:56:57 2017 -0600

    fixing test

commit d10d57dd26fd86ce8eac654c3be91a7a5d638b04
Author: freewilly95 <williamnguyen195@gmail.com>
Date:   Fri Nov 10 15:55:43 2017 -0600

    fixing test

commit 6e89d138512ba40ae5da9d53fb085a499492f5b7
Author: deyuanzhang <deyuanzhang@utexas.edu>
Date:   Fri Nov 10 15:51:41 2017 -0600

    Added comments

commit 95b084f6e39459e0f1494adabd7b7da448659628
Author: freewilly95 <williamnguyen195@gmail.com>
Date:   Fri Nov 10 15:47:30 2017 -0600

    test

commit 46bb7c44e25614cac006cdb62b19282301d2f180
Merge: b0db242 1afd123
Author: freewilly95 <williamnguyen195@gmail.com>
Date:   Fri Nov 10 15:44:38 2017 -0600

    test

commit b0db2425cb4a5deaea450def33085ef65db1c662
Author: freewilly95 <williamnguyen195@gmail.com>
Date:   Fri Nov 10 15:43:59 2017 -0600

    test

commit 1afd1232233f69818718b6f006d851c67bad09d4
Author: deyuanzhang <deyuanzhang@utexas.edu>
Date:   Fri Nov 10 15:27:00 2017 -0600

    Added more sprites

commit c0a74b0579cf449236ce81056699706e1fd42b8d
Author: deyuanzhang <deyuanzhang@utexas.edu>
Date:   Fri Nov 10 14:54:44 2017 -0600

    Moves 404 fixed

commit 007c5e3c1a2baa99c960559dcdca1e91c83ef0b6
Merge: 5e8143a 80bc54a
Author: deyuanzhang <deyuanzhang@utexas.edu>
Date:   Fri Nov 10 14:41:40 2017 -0600

    Merge branch 'master' of https://github.com/deyuanzhang/cs329e-idb

commit 5e8143a3c1103c7b310b30261c5a7177a97cd393
Author: deyuanzhang <deyuanzhang@utexas.edu>
Date:   Fri Nov 10 14:41:28 2017 -0600

    Cleaned templates

commit 80bc54a05a2a3c7a9d8372178677d1a52f9ebf1f
Merge: 49fff07 6a2c40a
Author: freewilly95 <williamnguyen195@gmail.com>
Date:   Fri Nov 10 13:58:03 2017 -0600

    merge

commit 49fff07970234ac417c8c588ddab43ebcb88c1f0
Author: freewilly95 <williamnguyen195@gmail.com>
Date:   Fri Nov 10 13:53:31 2017 -0600

    change

commit 6a2c40aa149eed3323a6683b72880f97a133d28c
Author: deyuanzhang <deyuanzhang@utexas.edu>
Date:   Fri Nov 10 13:51:32 2017 -0600

    Attempt api clean

commit 409ba548cfc52b432ea9d7b37161bf412d8334a4
Author: deyuanzhang <deyuanzhang@utexas.edu>
Date:   Fri Nov 10 12:27:18 2017 -0600

    GCP Cloud sql rdy2go

commit 442317a89e56f4a2ea7fdaaf9ada10e254abdd37
Author: deyuanzhang <deyuanzhang@utexas.edu>
Date:   Fri Nov 10 01:47:35 2017 -0600

    updated app yaml

commit f979775c822f956d04145e84adb5b6a8f2329c22
Author: freewilly95 <williamnguyen195@gmail.com>
Date:   Thu Nov 9 22:42:43 2017 -0600

    template

commit f4ce5cc53e71b59bc83eefe4094f19267c995f8c
Merge: 5934bca ef58c68
Author: freewilly95 <williamnguyen195@gmail.com>
Date:   Thu Nov 9 20:28:43 2017 -0600

    travis

commit 5934bca7a0ec8e1862ab542cf8da102af383e00a
Author: freewilly95 <williamnguyen195@gmail.com>
Date:   Thu Nov 9 20:26:14 2017 -0600

    dump file

commit ef58c68ccd62e1ce32d8df86ca63eca3a9ffba01
Author: Deyuan Zhang <deyuanzh@cs.utexas.edu>
Date:   Thu Nov 9 19:35:46 2017 -0600

    Add travis.yml

commit 1d7bfec0c5fe2aaa325a8447e70c73c0cba4f8e6
Author: freewilly95 <williamnguyen195@gmail.com>
Date:   Thu Nov 9 13:39:36 2017 -0600

    fix string to integer

commit 0d0a41c84f7bc2a626f29698657f05a99c3f657f
Author: freewilly95 <williamnguyen195@gmail.com>
Date:   Thu Nov 9 13:35:08 2017 -0600

    cleaning up

commit de1bf2ea0a2ecf9c6a8f4b1c116e013348c5e32a
Author: freewilly95 <williamnguyen195@gmail.com>
Date:   Thu Nov 9 13:31:34 2017 -0600

    fix spacing

commit 3ae134b7e6839d53dd5e35787cc4c0e4e69a1bde
Author: freewilly95 <williamnguyen195@gmail.com>
Date:   Thu Nov 9 13:26:02 2017 -0600

    finish database

commit fb26e00f6278c84d524ce953c7a1e7949d64f7d9
Author: freewilly95 <williamnguyen195@gmail.com>
Date:   Thu Nov 9 00:12:16 2017 -0600

    creating_db.py

commit 990914c9f86854674347d6362f96fdae61fdd0ee
Author: Deyuan Zhang <deyuanzh@cs.utexas.edu>
Date:   Wed Nov 8 23:04:01 2017 -0600

    Added cloud proxy

commit 9ebd2005068c86b2048c4b6c0db9177161e7b343
Author: Deyuan Zhang <deyuanzh@cs.utexas.edu>
Date:   Wed Nov 8 22:31:47 2017 -0600

    Database url

commit 8354d93caeb718705be0b6c4dbf86c283ebfe787
Merge: bbe908c 966e4fe
Author: deyuanzhang <deyuanzhang@utexas.edu>
Date:   Wed Nov 8 02:47:06 2017 -0600

    Merge branch 'master' of https://github.com/deyuanzhang/cs329e-idb
    Adding parser

commit bbe908c0bb1f6f336d32e3f16cfb8f8ea9d3440c
Author: deyuanzhang <deyuanzhang@utexas.edu>
Date:   Wed Nov 8 02:44:47 2017 -0600

    Parsing api completed

commit 966e4fec600d808d5a99cc709ca01a94e5710d6a
Author: freewilly95 <williamnguyen195@gmail.com>
Date:   Tue Nov 7 19:42:25 2017 -0600

    database

commit 98e85c07802488da1111bcd05d1b7cc2a20e3bb0
Author: deyuanzhang <deyuanzhang@utexas.edu>
Date:   Fri Oct 27 08:16:13 2017 -0500

    Missing log

commit b09e878a58e1ddcaa4263dd7809b0df2aae3e366
Author: deyuanzhang <deyuanzhang@utexas.edu>
Date:   Thu Oct 26 20:50:55 2017 -0500

    I'm not doing this on purpose I swear

commit f882dc8a9bed45dfb52ece4d9830166ff4797541
Author: deyuanzhang <deyuanzhang@utexas.edu>
Date:   Thu Oct 26 20:48:23 2017 -0500

    Why is counting so hard?

commit 69c364ee4daac51ca03db9da00c25dcfc9e14679
Author: deyuanzhang <deyuanzhang@utexas.edu>
Date:   Thu Oct 26 20:44:50 2017 -0500

    Still cant count

commit 586bf0c81e2022c6be5cc6b626372306697a11b2
Author: deyuanzhang <deyuanzhang@utexas.edu>
Date:   Thu Oct 26 20:35:22 2017 -0500

    I cant count

commit ea5e3c90fe9a2f6049b271c23020f5b948130eff
Author: deyuanzhang <deyuanzhang@utexas.edu>
Date:   Thu Oct 26 20:24:35 2017 -0500

    Bio fix

commit 7b41058f538c6af15eeccd20f8484d408d050da5
Author: deyuanzhang <deyuanzhang@utexas.edu>
Date:   Thu Oct 26 20:07:49 2017 -0500

    Template formatting hotfix

commit 5fa487600e15ec974cf6de908ed8c049516cc52e
Author: Deyuan Zhang <deyuanzh@cs.utexas.edu>
Date:   Thu Oct 26 19:30:33 2017 -0500

    SHA

commit e0f2f652739f3eb576f33189e3ed7923249f2312
Merge: 8ef2685 a57d2f7
Author: Deyuan Zhang <deyuanzh@cs.utexas.edu>
Date:   Thu Oct 26 19:26:35 2017 -0500

    Merge conflict

commit 8ef2685bea7895c1cf5f5d5ca1e2404a96859e84
Merge: 95898ff 4986c87
Author: Deyuan Zhang <deyuanzh@cs.utexas.edu>
Date:   Thu Oct 26 19:15:59 2017 -0500

    Merge fix

commit a57d2f7f061c50442bce7de0438defd890af4d5a
Author: Andrea Mata <andreamata@utexas.edu>
Date:   Thu Oct 26 19:11:14 2017 -0500

    Delete old typesSplash.html

commit de9461a1f635f3938bed1f4cfc9bc7e0bb8585c2
Author: Andrea Mata <andreamata@utexas.edu>
Date:   Thu Oct 26 19:10:58 2017 -0500

    Delete old movesSplash.html

commit 4986c879a0354438b541f4510d2c4e44721557e7
Author: freewilly95 <williamnguyen195@gmail.com>
Date:   Thu Oct 26 19:08:26 2017 -0500

    Bio additions

commit 033f69624239c2aed3d2156b17e4ea7913f7f1d0
Author: freewilly95 <williamnguyen195@gmail.com>
Date:   Thu Oct 26 19:03:28 2017 -0500

    Linkages done

commit 95898ffdfa0ee8e5619069c74f3d01d9bd3feda1
Author: Andrea Mata <andreamata@utexas.edu>
Date:   Thu Oct 26 18:37:20 2017 -0500

    add title to about.html, make splash pages

commit 858eb3a23d52361bef6d4092a21f1908c397fd97
Author: Andrea Mata <andreamata@utexas.edu>
Date:   Thu Oct 26 18:17:49 2017 -0500

    update stats and data on about.html

commit 91bf0f5dfb365e3bcb15df6fcdf9af82158bbcd1
Author: Andrea Mata <andreamata@utexas.edu>
Date:   Thu Oct 26 18:12:26 2017 -0500

    updated about.html file

commit 56f33457ff13a256275137f38c60fef093dfdad1
Author: Andrea Mata <andreamata@utexas.edu>
Date:   Thu Oct 26 18:03:03 2017 -0500

    fixed all pokemon, moves, and types files

commit 74d9053acea23eeae92562d9cdee46ff0907bcab
Author: Andrea Mata <andreamata@utexas.edu>
Date:   Thu Oct 26 17:52:19 2017 -0500

    add moves & types html files

commit 4a7c529344616332e81c1c669111de3b34d54a63
Author: Andrea Mata <andreamata@utexas.edu>
Date:   Thu Oct 26 16:57:13 2017 -0500

    changed names of move and type html files

commit cf8226664e1cd30135872adfd9e33b5902eba5ac
Author: Andrea Mata <andreamata@utexas.edu>
Date:   Thu Oct 26 16:42:59 2017 -0500

    upload html files for pokemon

commit 4dd299e7408b10ef22a9001f4f3fad6114483778
Author: Andrea Mata <andreamata@utexas.edu>
Date:   Thu Oct 26 11:56:26 2017 -0500

    add types and moves files

commit 01adc7afa2409e943a8c2f6e95b5750e809b7ba2
Author: Andrea Mata <andreamata@utexas.edu>
Date:   Thu Oct 26 11:52:48 2017 -0500

    personal pages for each current pokemon being used

commit 55e0e46063d37b7a3c19ae69515c60b770c94b9f
Author: Andrea Mata <andreamata@utexas.edu>
Date:   Thu Oct 26 02:02:33 2017 -0500

    Update model-moves.html
    
    Amount of blank lines in between code didn't match the other model-**.html files

commit 532515c52620fb32faf33c8ce8f3407e368a09d2
Author: Andrea Mata <andreamata@utexas.edu>
Date:   Thu Oct 26 01:59:58 2017 -0500

    Add model-types.html to repo

commit 3be95aad966f4c3ae44a9651a5c38a650f6ba717
Author: Andrea Mata <andreamata@utexas.edu>
Date:   Thu Oct 26 01:58:56 2017 -0500

    Add model-pokemon.html to repo

commit b856de9a913a145babc2cb0ff882a1b55567cb81
Author: Andrea Mata <andreamata@utexas.edu>
Date:   Thu Oct 26 01:58:09 2017 -0500

    Add model-moves.html to repo

commit a7b9a688057cb0d2e01e455401181c5673b43c48
Author: Andrea Mata <andreamata@utexas.edu>
Date:   Thu Oct 26 01:57:28 2017 -0500

    Delete model-moves.html
    
    Added to wrong location

commit 7209c9e111d6164963fe7e18eea7e3a8d91d04ec
Author: Andrea Mata <andreamata@utexas.edu>
Date:   Thu Oct 26 01:56:38 2017 -0500

    Add model-moves.html

commit 6f99d247649ccf001fabd7a954916bedfb86443c
Author: deyuanzhang <deyuanzhang@utexas.edu>
Date:   Thu Oct 26 00:54:54 2017 -0500

    Attempt 502 fix

commit 394a8963e53870c4bc205aef2e08e79a1ed36b58
Merge: cd36da3 d91a093
Author: deyuanzhang <deyuanzhang@utexas.edu>
Date:   Wed Oct 25 23:43:04 2017 -0500

    Merge branch 'master' into dev
    Working flask backend.

commit d91a093969d7cea9a28e36f2d34a9d5fe613597e
Author: deyuanzhang <deyuanzhang@utexas.edu>
Date:   Wed Oct 25 23:42:20 2017 -0500

    Push to master

commit cd36da3f53bb2e1f4ef557913258b7d012e17b05
Author: Deyuan Zhang <deyuanzh@cs.utexas.edu>
Date:   Tue Oct 24 21:32:16 2017 -0500

    Fixed missing images

commit d75ea4515fbfbf673a4847cb788b8a3b7dd0dad4
Author: Deyuan Zhang <deyuanzh@cs.utexas.edu>
Date:   Tue Oct 24 21:25:49 2017 -0500

    Fixed template linking

commit fd85ddf798a957ce608011571f5ee39b518da863
Author: Andrea Mata <andreamata@utexas.edu>
Date:   Tue Oct 24 20:09:47 2017 -0500

    temporary image for some members

commit 6179a18481052b08be15e671e3155fd5d78bf7d5
Author: Andrea Mata <andreamata@utexas.edu>
Date:   Tue Oct 24 19:20:23 2017 -0500

    Delete about.html file
    
    Supposed to be added to Static folder

commit 8dae384cbe9207eb8fb7e431413583cbd7c6459e
Author: Andrea Mata <andreamata@utexas.edu>
Date:   Tue Oct 24 19:18:27 2017 -0500

    add about.html file

commit 279936f9dfa5c515928ac657e10bd184d6dc0f58
Author: Andrea Mata <andreama@cs.utexas.edu>
Date:   Tue Oct 24 19:11:18 2017 -0500

    add about.html file

commit da3570c8aa765216ed1b46a9ef806dbb4248a641
Author: andreamata <andreamata@utexas.edu>
Date:   Tue Oct 24 18:58:17 2017 -0500

    Added Andrea's photo for about.html

commit 3dda763d2ce735fcabec79e9b764be4190e898b2
Author: alexzou19 <alexzou19@gmail.com>
Date:   Tue Oct 24 18:36:12 2017 -0500

    Alex Picture for Bio

commit 247aadd7a21f33fe716258f5003dabdd47cb6b37
Author: Deyuan Zhang <deyuanzh@cs.utexas.edu>
Date:   Sun Oct 22 16:33:47 2017 -0500

    Add static pages

commit 2dba1011bc0c7cd2eb6e75099a438e39f9020848
Author: Deyuan Zhang <deyuanzh@cs.utexas.edu>
Date:   Sun Oct 22 15:32:13 2017 -0500

    Initial commit
